{"D:\\DATA RIZAL\\BERKAS\\APLIKASI\\BELAJAR IT\\PROGRAMMING\\3. JAVASCRIPT\\4. TUGAS COURSE\\1. DICODING\\DTS FGA BACKEND DICODING\\3. tugas_akhir_backend_expert\\latihan\\auth-api\\src\\Applications\\security\\PasswordHash.js": {"path":"D:\\DATA RIZAL\\BERKAS\\APLIKASI\\BELAJAR IT\\PROGRAMMING\\3. JAVASCRIPT\\4. TUGAS COURSE\\1. DICODING\\DTS FGA BACKEND DICODING\\3. tugas_akhir_backend_expert\\latihan\\auth-api\\src\\Applications\\security\\PasswordHash.js","statementMap":{"0":{"start":{"line":7,"column":4},"end":{"line":7,"column":60}},"1":{"start":{"line":11,"column":0},"end":{"line":11,"column":30}}},"fnMap":{"0":{"name":"(anonymous_0)","decl":{"start":{"line":6,"column":2},"end":{"line":6,"column":3}},"loc":{"start":{"line":6,"column":23},"end":{"line":8,"column":3}},"line":6}},"branchMap":{},"s":{"0":1,"1":4},"f":{"0":1},"b":{},"_coverageSchema":"1a1c01bbd47fc00a2c39e90264f33305004495a9","hash":"912f214fea67630a0e7a0b5f0387aec1fd09b08e"}
,"D:\\DATA RIZAL\\BERKAS\\APLIKASI\\BELAJAR IT\\PROGRAMMING\\3. JAVASCRIPT\\4. TUGAS COURSE\\1. DICODING\\DTS FGA BACKEND DICODING\\3. tugas_akhir_backend_expert\\latihan\\auth-api\\src\\Applications\\use_case\\AddUserUseCase.js": {"path":"D:\\DATA RIZAL\\BERKAS\\APLIKASI\\BELAJAR IT\\PROGRAMMING\\3. JAVASCRIPT\\4. TUGAS COURSE\\1. DICODING\\DTS FGA BACKEND DICODING\\3. tugas_akhir_backend_expert\\latihan\\auth-api\\src\\Applications\\use_case\\AddUserUseCase.js","statementMap":{"0":{"start":{"line":7,"column":21},"end":{"line":7,"column":73}},"1":{"start":{"line":11,"column":4},"end":{"line":11,"column":42}},"2":{"start":{"line":12,"column":4},"end":{"line":12,"column":38}},"3":{"start":{"line":16,"column":25},"end":{"line":16,"column":57}},"4":{"start":{"line":18,"column":4},"end":{"line":18,"column":78}},"5":{"start":{"line":19,"column":4},"end":{"line":21,"column":6}},"6":{"start":{"line":23,"column":4},"end":{"line":23,"column":54}},"7":{"start":{"line":27,"column":0},"end":{"line":27,"column":32}}},"fnMap":{"0":{"name":"(anonymous_0)","decl":{"start":{"line":10,"column":2},"end":{"line":10,"column":3}},"loc":{"start":{"line":10,"column":48},"end":{"line":13,"column":3}},"line":10},"1":{"name":"(anonymous_1)","decl":{"start":{"line":15,"column":2},"end":{"line":15,"column":3}},"loc":{"start":{"line":15,"column":32},"end":{"line":24,"column":3}},"line":15}},"branchMap":{},"s":{"0":2,"1":2,"2":2,"3":7,"4":3,"5":2,"6":2,"7":2},"f":{"0":2,"1":7},"b":{},"_coverageSchema":"1a1c01bbd47fc00a2c39e90264f33305004495a9","hash":"9d79f7d053dc72ae11a871944150ffd8506e262a"}
,"D:\\DATA RIZAL\\BERKAS\\APLIKASI\\BELAJAR IT\\PROGRAMMING\\3. JAVASCRIPT\\4. TUGAS COURSE\\1. DICODING\\DTS FGA BACKEND DICODING\\3. tugas_akhir_backend_expert\\latihan\\auth-api\\src\\Commons\\exceptions\\AuthenticationError.js": {"path":"D:\\DATA RIZAL\\BERKAS\\APLIKASI\\BELAJAR IT\\PROGRAMMING\\3. JAVASCRIPT\\4. TUGAS COURSE\\1. DICODING\\DTS FGA BACKEND DICODING\\3. tugas_akhir_backend_expert\\latihan\\auth-api\\src\\Commons\\exceptions\\AuthenticationError.js","statementMap":{"0":{"start":{"line":2,"column":20},"end":{"line":2,"column":44}},"1":{"start":{"line":6,"column":4},"end":{"line":6,"column":24}},"2":{"start":{"line":7,"column":4},"end":{"line":7,"column":38}},"3":{"start":{"line":11,"column":0},"end":{"line":11,"column":37}}},"fnMap":{"0":{"name":"(anonymous_0)","decl":{"start":{"line":5,"column":2},"end":{"line":5,"column":3}},"loc":{"start":{"line":5,"column":23},"end":{"line":8,"column":3}},"line":5}},"branchMap":{},"s":{"0":1,"1":1,"2":1,"3":1},"f":{"0":1},"b":{},"_coverageSchema":"1a1c01bbd47fc00a2c39e90264f33305004495a9","hash":"63f9a4a5d6e112c295ce26d23b467ab5c0cd3385"}
,"D:\\DATA RIZAL\\BERKAS\\APLIKASI\\BELAJAR IT\\PROGRAMMING\\3. JAVASCRIPT\\4. TUGAS COURSE\\1. DICODING\\DTS FGA BACKEND DICODING\\3. tugas_akhir_backend_expert\\latihan\\auth-api\\src\\Commons\\exceptions\\ClientError.js": {"path":"D:\\DATA RIZAL\\BERKAS\\APLIKASI\\BELAJAR IT\\PROGRAMMING\\3. JAVASCRIPT\\4. TUGAS COURSE\\1. DICODING\\DTS FGA BACKEND DICODING\\3. tugas_akhir_backend_expert\\latihan\\auth-api\\src\\Commons\\exceptions\\ClientError.js","statementMap":{"0":{"start":{"line":4,"column":4},"end":{"line":4,"column":19}},"1":{"start":{"line":6,"column":4},"end":{"line":8,"column":5}},"2":{"start":{"line":7,"column":6},"end":{"line":7,"column":59}},"3":{"start":{"line":10,"column":4},"end":{"line":10,"column":33}},"4":{"start":{"line":11,"column":4},"end":{"line":11,"column":30}},"5":{"start":{"line":15,"column":0},"end":{"line":15,"column":29}}},"fnMap":{"0":{"name":"(anonymous_0)","decl":{"start":{"line":3,"column":2},"end":{"line":3,"column":3}},"loc":{"start":{"line":3,"column":41},"end":{"line":12,"column":3}},"line":3}},"branchMap":{"0":{"loc":{"start":{"line":3,"column":23},"end":{"line":3,"column":39}},"type":"default-arg","locations":[{"start":{"line":3,"column":36},"end":{"line":3,"column":39}}],"line":3},"1":{"loc":{"start":{"line":6,"column":4},"end":{"line":8,"column":5}},"type":"if","locations":[{"start":{"line":6,"column":4},"end":{"line":8,"column":5}},{"start":{},"end":{}}],"line":6}},"s":{"0":18,"1":18,"2":1,"3":17,"4":17,"5":7},"f":{"0":18},"b":{"0":[16],"1":[1,17]},"_coverageSchema":"1a1c01bbd47fc00a2c39e90264f33305004495a9","hash":"8de05ad817f29dabb3925234ca9c3e979aa6554f"}
,"D:\\DATA RIZAL\\BERKAS\\APLIKASI\\BELAJAR IT\\PROGRAMMING\\3. JAVASCRIPT\\4. TUGAS COURSE\\1. DICODING\\DTS FGA BACKEND DICODING\\3. tugas_akhir_backend_expert\\latihan\\auth-api\\src\\Commons\\exceptions\\DomainErrorTranslator.js": {"path":"D:\\DATA RIZAL\\BERKAS\\APLIKASI\\BELAJAR IT\\PROGRAMMING\\3. JAVASCRIPT\\4. TUGAS COURSE\\1. DICODING\\DTS FGA BACKEND DICODING\\3. tugas_akhir_backend_expert\\latihan\\auth-api\\src\\Commons\\exceptions\\DomainErrorTranslator.js","statementMap":{"0":{"start":{"line":6,"column":23},"end":{"line":6,"column":50}},"1":{"start":{"line":8,"column":30},"end":{"line":12,"column":1}},"2":{"start":{"line":10,"column":4},"end":{"line":10,"column":70}},"3":{"start":{"line":14,"column":0},"end":{"line":27,"column":2}},"4":{"start":{"line":29,"column":0},"end":{"line":29,"column":39}}},"fnMap":{"0":{"name":"(anonymous_0)","decl":{"start":{"line":9,"column":2},"end":{"line":9,"column":3}},"loc":{"start":{"line":9,"column":19},"end":{"line":11,"column":3}},"line":9}},"branchMap":{"0":{"loc":{"start":{"line":10,"column":11},"end":{"line":10,"column":69}},"type":"binary-expr","locations":[{"start":{"line":10,"column":11},"end":{"line":10,"column":60}},{"start":{"line":10,"column":64},"end":{"line":10,"column":69}}],"line":10}},"s":{"0":2,"1":2,"2":12,"3":2,"4":2},"f":{"0":12},"b":{"0":[12,4]},"_coverageSchema":"1a1c01bbd47fc00a2c39e90264f33305004495a9","hash":"5814723122afd9ee2c2dadf2ff4773a767baae11"}
,"D:\\DATA RIZAL\\BERKAS\\APLIKASI\\BELAJAR IT\\PROGRAMMING\\3. JAVASCRIPT\\4. TUGAS COURSE\\1. DICODING\\DTS FGA BACKEND DICODING\\3. tugas_akhir_backend_expert\\latihan\\auth-api\\src\\Commons\\exceptions\\InvariantError.js": {"path":"D:\\DATA RIZAL\\BERKAS\\APLIKASI\\BELAJAR IT\\PROGRAMMING\\3. JAVASCRIPT\\4. TUGAS COURSE\\1. DICODING\\DTS FGA BACKEND DICODING\\3. tugas_akhir_backend_expert\\latihan\\auth-api\\src\\Commons\\exceptions\\InvariantError.js","statementMap":{"0":{"start":{"line":2,"column":20},"end":{"line":2,"column":44}},"1":{"start":{"line":6,"column":4},"end":{"line":6,"column":19}},"2":{"start":{"line":7,"column":4},"end":{"line":7,"column":33}},"3":{"start":{"line":11,"column":0},"end":{"line":11,"column":32}}},"fnMap":{"0":{"name":"(anonymous_0)","decl":{"start":{"line":5,"column":2},"end":{"line":5,"column":3}},"loc":{"start":{"line":5,"column":23},"end":{"line":8,"column":3}},"line":5}},"branchMap":{},"s":{"0":4,"1":15,"2":15,"3":4},"f":{"0":15},"b":{},"_coverageSchema":"1a1c01bbd47fc00a2c39e90264f33305004495a9","hash":"f3f0540e93a668e1339f5481b210f6df232c1f47"}
,"D:\\DATA RIZAL\\BERKAS\\APLIKASI\\BELAJAR IT\\PROGRAMMING\\3. JAVASCRIPT\\4. TUGAS COURSE\\1. DICODING\\DTS FGA BACKEND DICODING\\3. tugas_akhir_backend_expert\\latihan\\auth-api\\src\\Commons\\exceptions\\NotFoundError.js": {"path":"D:\\DATA RIZAL\\BERKAS\\APLIKASI\\BELAJAR IT\\PROGRAMMING\\3. JAVASCRIPT\\4. TUGAS COURSE\\1. DICODING\\DTS FGA BACKEND DICODING\\3. tugas_akhir_backend_expert\\latihan\\auth-api\\src\\Commons\\exceptions\\NotFoundError.js","statementMap":{"0":{"start":{"line":2,"column":20},"end":{"line":2,"column":44}},"1":{"start":{"line":6,"column":4},"end":{"line":6,"column":24}},"2":{"start":{"line":7,"column":4},"end":{"line":7,"column":32}},"3":{"start":{"line":11,"column":0},"end":{"line":11,"column":31}}},"fnMap":{"0":{"name":"(anonymous_0)","decl":{"start":{"line":5,"column":2},"end":{"line":5,"column":3}},"loc":{"start":{"line":5,"column":23},"end":{"line":8,"column":3}},"line":5}},"branchMap":{},"s":{"0":1,"1":1,"2":1,"3":1},"f":{"0":1},"b":{},"_coverageSchema":"1a1c01bbd47fc00a2c39e90264f33305004495a9","hash":"b11da9cbe6d481077059f043e0001a34f9cdd6e0"}
,"D:\\DATA RIZAL\\BERKAS\\APLIKASI\\BELAJAR IT\\PROGRAMMING\\3. JAVASCRIPT\\4. TUGAS COURSE\\1. DICODING\\DTS FGA BACKEND DICODING\\3. tugas_akhir_backend_expert\\latihan\\auth-api\\src\\Domains\\users\\UserRepository.js": {"path":"D:\\DATA RIZAL\\BERKAS\\APLIKASI\\BELAJAR IT\\PROGRAMMING\\3. JAVASCRIPT\\4. TUGAS COURSE\\1. DICODING\\DTS FGA BACKEND DICODING\\3. tugas_akhir_backend_expert\\latihan\\auth-api\\src\\Domains\\users\\UserRepository.js","statementMap":{"0":{"start":{"line":6,"column":4},"end":{"line":6,"column":62}},"1":{"start":{"line":10,"column":4},"end":{"line":10,"column":62}},"2":{"start":{"line":14,"column":0},"end":{"line":14,"column":32}}},"fnMap":{"0":{"name":"(anonymous_0)","decl":{"start":{"line":5,"column":2},"end":{"line":5,"column":3}},"loc":{"start":{"line":5,"column":30},"end":{"line":7,"column":3}},"line":5},"1":{"name":"(anonymous_1)","decl":{"start":{"line":9,"column":2},"end":{"line":9,"column":3}},"loc":{"start":{"line":9,"column":42},"end":{"line":11,"column":3}},"line":9}},"branchMap":{},"s":{"0":1,"1":1,"2":4},"f":{"0":1,"1":1},"b":{},"_coverageSchema":"1a1c01bbd47fc00a2c39e90264f33305004495a9","hash":"0b40c538f6f202680c5a84ffc24cff04ba882c02"}
,"D:\\DATA RIZAL\\BERKAS\\APLIKASI\\BELAJAR IT\\PROGRAMMING\\3. JAVASCRIPT\\4. TUGAS COURSE\\1. DICODING\\DTS FGA BACKEND DICODING\\3. tugas_akhir_backend_expert\\latihan\\auth-api\\src\\Domains\\users\\entities\\RegisterUser.js": {"path":"D:\\DATA RIZAL\\BERKAS\\APLIKASI\\BELAJAR IT\\PROGRAMMING\\3. JAVASCRIPT\\4. TUGAS COURSE\\1. DICODING\\DTS FGA BACKEND DICODING\\3. tugas_akhir_backend_expert\\latihan\\auth-api\\src\\Domains\\users\\entities\\RegisterUser.js","statementMap":{"0":{"start":{"line":9,"column":4},"end":{"line":9,"column":33}},"1":{"start":{"line":11,"column":45},"end":{"line":11,"column":52}},"2":{"start":{"line":13,"column":4},"end":{"line":13,"column":29}},"3":{"start":{"line":14,"column":4},"end":{"line":14,"column":29}},"4":{"start":{"line":15,"column":4},"end":{"line":15,"column":29}},"5":{"start":{"line":19,"column":4},"end":{"line":21,"column":5}},"6":{"start":{"line":20,"column":6},"end":{"line":20,"column":67}},"7":{"start":{"line":23,"column":4},"end":{"line":29,"column":5}},"8":{"start":{"line":28,"column":6},"end":{"line":28,"column":72}},"9":{"start":{"line":31,"column":4},"end":{"line":33,"column":5}},"10":{"start":{"line":32,"column":6},"end":{"line":32,"column":59}},"11":{"start":{"line":35,"column":4},"end":{"line":37,"column":5}},"12":{"start":{"line":36,"column":6},"end":{"line":36,"column":77}},"13":{"start":{"line":41,"column":0},"end":{"line":41,"column":30}}},"fnMap":{"0":{"name":"(anonymous_0)","decl":{"start":{"line":8,"column":2},"end":{"line":8,"column":3}},"loc":{"start":{"line":8,"column":23},"end":{"line":16,"column":3}},"line":8},"1":{"name":"(anonymous_1)","decl":{"start":{"line":18,"column":2},"end":{"line":18,"column":3}},"loc":{"start":{"line":18,"column":51},"end":{"line":38,"column":3}},"line":18}},"branchMap":{"0":{"loc":{"start":{"line":19,"column":4},"end":{"line":21,"column":5}},"type":"if","locations":[{"start":{"line":19,"column":4},"end":{"line":21,"column":5}},{"start":{},"end":{}}],"line":19},"1":{"loc":{"start":{"line":19,"column":8},"end":{"line":19,"column":43}},"type":"binary-expr","locations":[{"start":{"line":19,"column":8},"end":{"line":19,"column":17}},{"start":{"line":19,"column":21},"end":{"line":19,"column":30}},{"start":{"line":19,"column":34},"end":{"line":19,"column":43}}],"line":19},"2":{"loc":{"start":{"line":23,"column":4},"end":{"line":29,"column":5}},"type":"if","locations":[{"start":{"line":23,"column":4},"end":{"line":29,"column":5}},{"start":{},"end":{}}],"line":23},"3":{"loc":{"start":{"line":24,"column":6},"end":{"line":26,"column":34}},"type":"binary-expr","locations":[{"start":{"line":24,"column":6},"end":{"line":24,"column":34}},{"start":{"line":25,"column":6},"end":{"line":25,"column":34}},{"start":{"line":26,"column":6},"end":{"line":26,"column":34}}],"line":24},"4":{"loc":{"start":{"line":31,"column":4},"end":{"line":33,"column":5}},"type":"if","locations":[{"start":{"line":31,"column":4},"end":{"line":33,"column":5}},{"start":{},"end":{}}],"line":31},"5":{"loc":{"start":{"line":35,"column":4},"end":{"line":37,"column":5}},"type":"if","locations":[{"start":{"line":35,"column":4},"end":{"line":37,"column":5}},{"start":{},"end":{}}],"line":35}},"s":{"0":15,"1":7,"2":7,"3":7,"4":7,"5":15,"6":2,"7":13,"8":2,"9":11,"10":2,"11":9,"12":2,"13":4},"f":{"0":15,"1":15},"b":{"0":[2,13],"1":[15,14,14],"2":[2,11],"3":[13,12,12],"4":[2,9],"5":[2,7]},"_coverageSchema":"1a1c01bbd47fc00a2c39e90264f33305004495a9","hash":"9b60c2e2215b12b686a9de2f59c8a990d8ac4d66"}
,"D:\\DATA RIZAL\\BERKAS\\APLIKASI\\BELAJAR IT\\PROGRAMMING\\3. JAVASCRIPT\\4. TUGAS COURSE\\1. DICODING\\DTS FGA BACKEND DICODING\\3. tugas_akhir_backend_expert\\latihan\\auth-api\\src\\Domains\\users\\entities\\RegisteredUser.js": {"path":"D:\\DATA RIZAL\\BERKAS\\APLIKASI\\BELAJAR IT\\PROGRAMMING\\3. JAVASCRIPT\\4. TUGAS COURSE\\1. DICODING\\DTS FGA BACKEND DICODING\\3. tugas_akhir_backend_expert\\latihan\\auth-api\\src\\Domains\\users\\entities\\RegisteredUser.js","statementMap":{"0":{"start":{"line":8,"column":4},"end":{"line":8,"column":33}},"1":{"start":{"line":10,"column":39},"end":{"line":10,"column":46}},"2":{"start":{"line":12,"column":4},"end":{"line":12,"column":17}},"3":{"start":{"line":13,"column":4},"end":{"line":13,"column":29}},"4":{"start":{"line":14,"column":4},"end":{"line":14,"column":29}},"5":{"start":{"line":18,"column":4},"end":{"line":20,"column":5}},"6":{"start":{"line":19,"column":6},"end":{"line":19,"column":69}},"7":{"start":{"line":22,"column":4},"end":{"line":28,"column":5}},"8":{"start":{"line":27,"column":6},"end":{"line":27,"column":74}},"9":{"start":{"line":32,"column":0},"end":{"line":32,"column":32}}},"fnMap":{"0":{"name":"(anonymous_0)","decl":{"start":{"line":7,"column":2},"end":{"line":7,"column":3}},"loc":{"start":{"line":7,"column":23},"end":{"line":15,"column":3}},"line":7},"1":{"name":"(anonymous_1)","decl":{"start":{"line":17,"column":2},"end":{"line":17,"column":3}},"loc":{"start":{"line":17,"column":45},"end":{"line":29,"column":3}},"line":17}},"branchMap":{"0":{"loc":{"start":{"line":18,"column":4},"end":{"line":20,"column":5}},"type":"if","locations":[{"start":{"line":18,"column":4},"end":{"line":20,"column":5}},{"start":{},"end":{}}],"line":18},"1":{"loc":{"start":{"line":18,"column":8},"end":{"line":18,"column":37}},"type":"binary-expr","locations":[{"start":{"line":18,"column":8},"end":{"line":18,"column":11}},{"start":{"line":18,"column":15},"end":{"line":18,"column":24}},{"start":{"line":18,"column":28},"end":{"line":18,"column":37}}],"line":18},"2":{"loc":{"start":{"line":22,"column":4},"end":{"line":28,"column":5}},"type":"if","locations":[{"start":{"line":22,"column":4},"end":{"line":28,"column":5}},{"start":{},"end":{}}],"line":22},"3":{"loc":{"start":{"line":23,"column":6},"end":{"line":25,"column":34}},"type":"binary-expr","locations":[{"start":{"line":23,"column":6},"end":{"line":23,"column":28}},{"start":{"line":24,"column":6},"end":{"line":24,"column":34}},{"start":{"line":25,"column":6},"end":{"line":25,"column":34}}],"line":23}},"s":{"0":9,"1":7,"2":7,"3":7,"4":7,"5":9,"6":1,"7":8,"8":1,"9":4},"f":{"0":9,"1":9},"b":{"0":[1,8],"1":[9,8,8],"2":[1,7],"3":[8,7,7]},"_coverageSchema":"1a1c01bbd47fc00a2c39e90264f33305004495a9","hash":"4f14c374aa0fdb288d8b49014ce157ae9432bb78"}
,"D:\\DATA RIZAL\\BERKAS\\APLIKASI\\BELAJAR IT\\PROGRAMMING\\3. JAVASCRIPT\\4. TUGAS COURSE\\1. DICODING\\DTS FGA BACKEND DICODING\\3. tugas_akhir_backend_expert\\latihan\\auth-api\\src\\Infrastructures\\http\\createServer.js": {"path":"D:\\DATA RIZAL\\BERKAS\\APLIKASI\\BELAJAR IT\\PROGRAMMING\\3. JAVASCRIPT\\4. TUGAS COURSE\\1. DICODING\\DTS FGA BACKEND DICODING\\3. tugas_akhir_backend_expert\\latihan\\auth-api\\src\\Infrastructures\\http\\createServer.js","statementMap":{"0":{"start":{"line":9,"column":13},"end":{"line":9,"column":34}},"1":{"start":{"line":10,"column":20},"end":{"line":10,"column":67}},"2":{"start":{"line":11,"column":30},"end":{"line":11,"column":87}},"3":{"start":{"line":13,"column":14},"end":{"line":13,"column":56}},"4":{"start":{"line":15,"column":21},"end":{"line":64,"column":1}},"5":{"start":{"line":16,"column":17},"end":{"line":19,"column":4}},"6":{"start":{"line":21,"column":2},"end":{"line":26,"column":5}},"7":{"start":{"line":29,"column":2},"end":{"line":61,"column":5}},"8":{"start":{"line":31,"column":25},"end":{"line":31,"column":32}},"9":{"start":{"line":32,"column":4},"end":{"line":58,"column":5}},"10":{"start":{"line":34,"column":30},"end":{"line":34,"column":71}},"11":{"start":{"line":36,"column":6},"end":{"line":43,"column":7}},"12":{"start":{"line":37,"column":28},"end":{"line":40,"column":10}},"13":{"start":{"line":41,"column":8},"end":{"line":41,"column":53}},"14":{"start":{"line":42,"column":8},"end":{"line":42,"column":27}},"15":{"start":{"line":47,"column":6},"end":{"line":49,"column":7}},"16":{"start":{"line":48,"column":8},"end":{"line":48,"column":26}},"17":{"start":{"line":52,"column":26},"end":{"line":55,"column":8}},"18":{"start":{"line":56,"column":6},"end":{"line":56,"column":28}},"19":{"start":{"line":57,"column":6},"end":{"line":57,"column":25}},"20":{"start":{"line":60,"column":4},"end":{"line":60,"column":22}},"21":{"start":{"line":63,"column":2},"end":{"line":63,"column":16}},"22":{"start":{"line":66,"column":0},"end":{"line":66,"column":30}}},"fnMap":{"0":{"name":"(anonymous_0)","decl":{"start":{"line":15,"column":21},"end":{"line":15,"column":22}},"loc":{"start":{"line":15,"column":42},"end":{"line":64,"column":1}},"line":15},"1":{"name":"(anonymous_1)","decl":{"start":{"line":29,"column":30},"end":{"line":29,"column":31}},"loc":{"start":{"line":29,"column":46},"end":{"line":61,"column":3}},"line":29}},"branchMap":{"0":{"loc":{"start":{"line":32,"column":4},"end":{"line":58,"column":5}},"type":"if","locations":[{"start":{"line":32,"column":4},"end":{"line":58,"column":5}},{"start":{},"end":{}}],"line":32},"1":{"loc":{"start":{"line":36,"column":6},"end":{"line":43,"column":7}},"type":"if","locations":[{"start":{"line":36,"column":6},"end":{"line":43,"column":7}},{"start":{},"end":{}}],"line":36},"2":{"loc":{"start":{"line":47,"column":6},"end":{"line":49,"column":7}},"type":"if","locations":[{"start":{"line":47,"column":6},"end":{"line":49,"column":7}},{"start":{},"end":{}}],"line":47}},"s":{"0":1,"1":1,"2":1,"3":1,"4":1,"5":8,"6":8,"7":8,"8":8,"9":8,"10":7,"11":7,"12":5,"13":5,"14":5,"15":2,"16":1,"17":1,"18":1,"19":1,"20":1,"21":8,"22":1},"f":{"0":8,"1":8},"b":{"0":[7,1],"1":[5,2],"2":[1,1]},"_coverageSchema":"1a1c01bbd47fc00a2c39e90264f33305004495a9","hash":"86095853a0907db258b450988bcf378963037a84"}
,"D:\\DATA RIZAL\\BERKAS\\APLIKASI\\BELAJAR IT\\PROGRAMMING\\3. JAVASCRIPT\\4. TUGAS COURSE\\1. DICODING\\DTS FGA BACKEND DICODING\\3. tugas_akhir_backend_expert\\latihan\\auth-api\\src\\Infrastructures\\repository\\UserRepositoryPostgres.js": {"path":"D:\\DATA RIZAL\\BERKAS\\APLIKASI\\BELAJAR IT\\PROGRAMMING\\3. JAVASCRIPT\\4. TUGAS COURSE\\1. DICODING\\DTS FGA BACKEND DICODING\\3. tugas_akhir_backend_expert\\latihan\\auth-api\\src\\Infrastructures\\repository\\UserRepositoryPostgres.js","statementMap":{"0":{"start":{"line":4,"column":23},"end":{"line":4,"column":73}},"1":{"start":{"line":5,"column":23},"end":{"line":5,"column":77}},"2":{"start":{"line":6,"column":23},"end":{"line":6,"column":68}},"3":{"start":{"line":10,"column":4},"end":{"line":10,"column":12}},"4":{"start":{"line":11,"column":4},"end":{"line":11,"column":22}},"5":{"start":{"line":12,"column":4},"end":{"line":12,"column":36}},"6":{"start":{"line":16,"column":18},"end":{"line":19,"column":5}},"7":{"start":{"line":21,"column":19},"end":{"line":21,"column":48}},"8":{"start":{"line":23,"column":4},"end":{"line":25,"column":5}},"9":{"start":{"line":24,"column":6},"end":{"line":24,"column":58}},"10":{"start":{"line":29,"column":45},"end":{"line":29,"column":57}},"11":{"start":{"line":30,"column":15},"end":{"line":30,"column":44}},"12":{"start":{"line":32,"column":18},"end":{"line":35,"column":5}},"13":{"start":{"line":37,"column":19},"end":{"line":37,"column":48}},"14":{"start":{"line":39,"column":4},"end":{"line":39,"column":53}},"15":{"start":{"line":43,"column":0},"end":{"line":43,"column":40}}},"fnMap":{"0":{"name":"(anonymous_0)","decl":{"start":{"line":9,"column":2},"end":{"line":9,"column":3}},"loc":{"start":{"line":9,"column":33},"end":{"line":13,"column":3}},"line":9},"1":{"name":"(anonymous_1)","decl":{"start":{"line":15,"column":2},"end":{"line":15,"column":3}},"loc":{"start":{"line":15,"column":42},"end":{"line":26,"column":3}},"line":15},"2":{"name":"(anonymous_2)","decl":{"start":{"line":28,"column":2},"end":{"line":28,"column":3}},"loc":{"start":{"line":28,"column":30},"end":{"line":40,"column":3}},"line":28}},"branchMap":{"0":{"loc":{"start":{"line":23,"column":4},"end":{"line":25,"column":5}},"type":"if","locations":[{"start":{"line":23,"column":4},"end":{"line":25,"column":5}},{"start":{},"end":{}}],"line":23}},"s":{"0":2,"1":2,"2":2,"3":5,"4":5,"5":5,"6":4,"7":4,"8":4,"9":2,"10":3,"11":3,"12":3,"13":3,"14":3,"15":2},"f":{"0":5,"1":4,"2":3},"b":{"0":[2,2]},"_coverageSchema":"1a1c01bbd47fc00a2c39e90264f33305004495a9","hash":"940b88491c01a70a22b0a40cb96a49cfb4948882"}
,"D:\\DATA RIZAL\\BERKAS\\APLIKASI\\BELAJAR IT\\PROGRAMMING\\3. JAVASCRIPT\\4. TUGAS COURSE\\1. DICODING\\DTS FGA BACKEND DICODING\\3. tugas_akhir_backend_expert\\latihan\\auth-api\\src\\Infrastructures\\security\\BcryptPasswordHash.js": {"path":"D:\\DATA RIZAL\\BERKAS\\APLIKASI\\BELAJAR IT\\PROGRAMMING\\3. JAVASCRIPT\\4. TUGAS COURSE\\1. DICODING\\DTS FGA BACKEND DICODING\\3. tugas_akhir_backend_expert\\latihan\\auth-api\\src\\Infrastructures\\security\\BcryptPasswordHash.js","statementMap":{"0":{"start":{"line":4,"column":21},"end":{"line":4,"column":72}},"1":{"start":{"line":8,"column":4},"end":{"line":8,"column":12}},"2":{"start":{"line":9,"column":4},"end":{"line":9,"column":26}},"3":{"start":{"line":10,"column":4},"end":{"line":10,"column":32}},"4":{"start":{"line":14,"column":4},"end":{"line":14,"column":56}},"5":{"start":{"line":18,"column":0},"end":{"line":18,"column":36}}},"fnMap":{"0":{"name":"(anonymous_0)","decl":{"start":{"line":7,"column":2},"end":{"line":7,"column":3}},"loc":{"start":{"line":7,"column":38},"end":{"line":11,"column":3}},"line":7},"1":{"name":"(anonymous_1)","decl":{"start":{"line":13,"column":2},"end":{"line":13,"column":3}},"loc":{"start":{"line":13,"column":23},"end":{"line":15,"column":3}},"line":13}},"branchMap":{"0":{"loc":{"start":{"line":7,"column":22},"end":{"line":7,"column":36}},"type":"default-arg","locations":[{"start":{"line":7,"column":34},"end":{"line":7,"column":36}}],"line":7}},"s":{"0":2,"1":2,"2":2,"3":2,"4":2,"5":2},"f":{"0":2,"1":2},"b":{"0":[2]},"_coverageSchema":"1a1c01bbd47fc00a2c39e90264f33305004495a9","hash":"c2207e8c2cf53aae44fe1d02618fbfe8dc4e4c92"}
,"D:\\DATA RIZAL\\BERKAS\\APLIKASI\\BELAJAR IT\\PROGRAMMING\\3. JAVASCRIPT\\4. TUGAS COURSE\\1. DICODING\\DTS FGA BACKEND DICODING\\3. tugas_akhir_backend_expert\\latihan\\auth-api\\src\\Interfaces\\http\\api\\users\\handler.js": {"path":"D:\\DATA RIZAL\\BERKAS\\APLIKASI\\BELAJAR IT\\PROGRAMMING\\3. JAVASCRIPT\\4. TUGAS COURSE\\1. DICODING\\DTS FGA BACKEND DICODING\\3. tugas_akhir_backend_expert\\latihan\\auth-api\\src\\Interfaces\\http\\api\\users\\handler.js","statementMap":{"0":{"start":{"line":8,"column":23},"end":{"line":8,"column":82}},"1":{"start":{"line":12,"column":4},"end":{"line":12,"column":32}},"2":{"start":{"line":14,"column":4},"end":{"line":14,"column":59}},"3":{"start":{"line":18,"column":27},"end":{"line":18,"column":75}},"4":{"start":{"line":19,"column":22},"end":{"line":19,"column":67}},"5":{"start":{"line":20,"column":21},"end":{"line":25,"column":6}},"6":{"start":{"line":26,"column":4},"end":{"line":26,"column":23}},"7":{"start":{"line":27,"column":4},"end":{"line":27,"column":20}},"8":{"start":{"line":31,"column":0},"end":{"line":31,"column":30}}},"fnMap":{"0":{"name":"(anonymous_0)","decl":{"start":{"line":11,"column":2},"end":{"line":11,"column":3}},"loc":{"start":{"line":11,"column":25},"end":{"line":15,"column":3}},"line":11},"1":{"name":"(anonymous_1)","decl":{"start":{"line":17,"column":2},"end":{"line":17,"column":3}},"loc":{"start":{"line":17,"column":36},"end":{"line":28,"column":3}},"line":17}},"branchMap":{},"s":{"0":1,"1":8,"2":8,"3":7,"4":6,"5":1,"6":1,"7":1,"8":1},"f":{"0":8,"1":7},"b":{},"_coverageSchema":"1a1c01bbd47fc00a2c39e90264f33305004495a9","hash":"96542792dc574b00599817d8c4af10b79bd891e7"}
,"D:\\DATA RIZAL\\BERKAS\\APLIKASI\\BELAJAR IT\\PROGRAMMING\\3. JAVASCRIPT\\4. TUGAS COURSE\\1. DICODING\\DTS FGA BACKEND DICODING\\3. tugas_akhir_backend_expert\\latihan\\auth-api\\src\\Interfaces\\http\\api\\users\\index.js": {"path":"D:\\DATA RIZAL\\BERKAS\\APLIKASI\\BELAJAR IT\\PROGRAMMING\\3. JAVASCRIPT\\4. TUGAS COURSE\\1. DICODING\\DTS FGA BACKEND DICODING\\3. tugas_akhir_backend_expert\\latihan\\auth-api\\src\\Interfaces\\http\\api\\users\\index.js","statementMap":{"0":{"start":{"line":2,"column":21},"end":{"line":2,"column":41}},"1":{"start":{"line":3,"column":15},"end":{"line":3,"column":34}},"2":{"start":{"line":5,"column":0},"end":{"line":11,"column":2}},"3":{"start":{"line":8,"column":25},"end":{"line":8,"column":52}},"4":{"start":{"line":9,"column":4},"end":{"line":9,"column":39}}},"fnMap":{"0":{"name":"(anonymous_0)","decl":{"start":{"line":7,"column":12},"end":{"line":7,"column":13}},"loc":{"start":{"line":7,"column":45},"end":{"line":10,"column":3}},"line":7}},"branchMap":{},"s":{"0":1,"1":1,"2":1,"3":8,"4":8},"f":{"0":8},"b":{},"_coverageSchema":"1a1c01bbd47fc00a2c39e90264f33305004495a9","hash":"f8f786e7fe15b76fbf542d4d8e2c07d0315b5134"}
,"D:\\DATA RIZAL\\BERKAS\\APLIKASI\\BELAJAR IT\\PROGRAMMING\\3. JAVASCRIPT\\4. TUGAS COURSE\\1. DICODING\\DTS FGA BACKEND DICODING\\3. tugas_akhir_backend_expert\\latihan\\auth-api\\src\\Interfaces\\http\\api\\users\\routes.js": {"path":"D:\\DATA RIZAL\\BERKAS\\APLIKASI\\BELAJAR IT\\PROGRAMMING\\3. JAVASCRIPT\\4. TUGAS COURSE\\1. DICODING\\DTS FGA BACKEND DICODING\\3. tugas_akhir_backend_expert\\latihan\\auth-api\\src\\Interfaces\\http\\api\\users\\routes.js","statementMap":{"0":{"start":{"line":2,"column":15},"end":{"line":8,"column":1}},"1":{"start":{"line":2,"column":28},"end":{"line":8,"column":1}},"2":{"start":{"line":10,"column":0},"end":{"line":10,"column":24}}},"fnMap":{"0":{"name":"(anonymous_0)","decl":{"start":{"line":2,"column":15},"end":{"line":2,"column":16}},"loc":{"start":{"line":2,"column":28},"end":{"line":8,"column":1}},"line":2}},"branchMap":{},"s":{"0":1,"1":8,"2":1},"f":{"0":8},"b":{},"_coverageSchema":"1a1c01bbd47fc00a2c39e90264f33305004495a9","hash":"d9c161073b294f296e25ccc7152d044632e5d352"}
}
