{"D:\\DATA RIZAL\\BERKAS\\APLIKASI\\BELAJAR IT\\PROGRAMMING\\3. JAVASCRIPT\\4. TUGAS COURSE\\1. DICODING\\DTS FGA BACKEND DICODING\\3. tugas_akhir_backend_expert\\latihan\\auth-api\\src\\Commons\\exceptions\\AuthenticationError.js": {"path":"D:\\DATA RIZAL\\BERKAS\\APLIKASI\\BELAJAR IT\\PROGRAMMING\\3. JAVASCRIPT\\4. TUGAS COURSE\\1. DICODING\\DTS FGA BACKEND DICODING\\3. tugas_akhir_backend_expert\\latihan\\auth-api\\src\\Commons\\exceptions\\AuthenticationError.js","statementMap":{"0":{"start":{"line":2,"column":20},"end":{"line":2,"column":44}},"1":{"start":{"line":6,"column":4},"end":{"line":6,"column":24}},"2":{"start":{"line":7,"column":4},"end":{"line":7,"column":38}},"3":{"start":{"line":11,"column":0},"end":{"line":11,"column":37}}},"fnMap":{"0":{"name":"(anonymous_0)","decl":{"start":{"line":5,"column":2},"end":{"line":5,"column":3}},"loc":{"start":{"line":5,"column":23},"end":{"line":8,"column":3}},"line":5}},"branchMap":{},"s":{"0":1,"1":1,"2":1,"3":1},"f":{"0":1},"b":{},"_coverageSchema":"1a1c01bbd47fc00a2c39e90264f33305004495a9","hash":"63f9a4a5d6e112c295ce26d23b467ab5c0cd3385"}
,"D:\\DATA RIZAL\\BERKAS\\APLIKASI\\BELAJAR IT\\PROGRAMMING\\3. JAVASCRIPT\\4. TUGAS COURSE\\1. DICODING\\DTS FGA BACKEND DICODING\\3. tugas_akhir_backend_expert\\latihan\\auth-api\\src\\Commons\\exceptions\\ClientError.js": {"path":"D:\\DATA RIZAL\\BERKAS\\APLIKASI\\BELAJAR IT\\PROGRAMMING\\3. JAVASCRIPT\\4. TUGAS COURSE\\1. DICODING\\DTS FGA BACKEND DICODING\\3. tugas_akhir_backend_expert\\latihan\\auth-api\\src\\Commons\\exceptions\\ClientError.js","statementMap":{"0":{"start":{"line":4,"column":4},"end":{"line":4,"column":19}},"1":{"start":{"line":6,"column":4},"end":{"line":8,"column":5}},"2":{"start":{"line":7,"column":6},"end":{"line":7,"column":59}},"3":{"start":{"line":10,"column":4},"end":{"line":10,"column":33}},"4":{"start":{"line":11,"column":4},"end":{"line":11,"column":30}},"5":{"start":{"line":15,"column":0},"end":{"line":15,"column":29}}},"fnMap":{"0":{"name":"(anonymous_0)","decl":{"start":{"line":3,"column":2},"end":{"line":3,"column":3}},"loc":{"start":{"line":3,"column":41},"end":{"line":12,"column":3}},"line":3}},"branchMap":{"0":{"loc":{"start":{"line":3,"column":23},"end":{"line":3,"column":39}},"type":"default-arg","locations":[{"start":{"line":3,"column":36},"end":{"line":3,"column":39}}],"line":3},"1":{"loc":{"start":{"line":6,"column":4},"end":{"line":8,"column":5}},"type":"if","locations":[{"start":{"line":6,"column":4},"end":{"line":8,"column":5}},{"start":{},"end":{}}],"line":6}},"s":{"0":4,"1":4,"2":1,"3":3,"4":3,"5":4},"f":{"0":4},"b":{"0":[2],"1":[1,3]},"_coverageSchema":"1a1c01bbd47fc00a2c39e90264f33305004495a9","hash":"8de05ad817f29dabb3925234ca9c3e979aa6554f"}
,"D:\\DATA RIZAL\\BERKAS\\APLIKASI\\BELAJAR IT\\PROGRAMMING\\3. JAVASCRIPT\\4. TUGAS COURSE\\1. DICODING\\DTS FGA BACKEND DICODING\\3. tugas_akhir_backend_expert\\latihan\\auth-api\\src\\Commons\\exceptions\\InvariantError.js": {"path":"D:\\DATA RIZAL\\BERKAS\\APLIKASI\\BELAJAR IT\\PROGRAMMING\\3. JAVASCRIPT\\4. TUGAS COURSE\\1. DICODING\\DTS FGA BACKEND DICODING\\3. tugas_akhir_backend_expert\\latihan\\auth-api\\src\\Commons\\exceptions\\InvariantError.js","statementMap":{"0":{"start":{"line":2,"column":20},"end":{"line":2,"column":44}},"1":{"start":{"line":6,"column":4},"end":{"line":6,"column":19}},"2":{"start":{"line":7,"column":4},"end":{"line":7,"column":33}},"3":{"start":{"line":11,"column":0},"end":{"line":11,"column":32}}},"fnMap":{"0":{"name":"(anonymous_0)","decl":{"start":{"line":5,"column":2},"end":{"line":5,"column":3}},"loc":{"start":{"line":5,"column":23},"end":{"line":8,"column":3}},"line":5}},"branchMap":{},"s":{"0":1,"1":1,"2":1,"3":1},"f":{"0":1},"b":{},"_coverageSchema":"1a1c01bbd47fc00a2c39e90264f33305004495a9","hash":"f3f0540e93a668e1339f5481b210f6df232c1f47"}
,"D:\\DATA RIZAL\\BERKAS\\APLIKASI\\BELAJAR IT\\PROGRAMMING\\3. JAVASCRIPT\\4. TUGAS COURSE\\1. DICODING\\DTS FGA BACKEND DICODING\\3. tugas_akhir_backend_expert\\latihan\\auth-api\\src\\Commons\\exceptions\\NotFoundError.js": {"path":"D:\\DATA RIZAL\\BERKAS\\APLIKASI\\BELAJAR IT\\PROGRAMMING\\3. JAVASCRIPT\\4. TUGAS COURSE\\1. DICODING\\DTS FGA BACKEND DICODING\\3. tugas_akhir_backend_expert\\latihan\\auth-api\\src\\Commons\\exceptions\\NotFoundError.js","statementMap":{"0":{"start":{"line":2,"column":20},"end":{"line":2,"column":44}},"1":{"start":{"line":6,"column":4},"end":{"line":6,"column":24}},"2":{"start":{"line":7,"column":4},"end":{"line":7,"column":32}},"3":{"start":{"line":11,"column":0},"end":{"line":11,"column":31}}},"fnMap":{"0":{"name":"(anonymous_0)","decl":{"start":{"line":5,"column":2},"end":{"line":5,"column":3}},"loc":{"start":{"line":5,"column":23},"end":{"line":8,"column":3}},"line":5}},"branchMap":{},"s":{"0":1,"1":1,"2":1,"3":1},"f":{"0":1},"b":{},"_coverageSchema":"1a1c01bbd47fc00a2c39e90264f33305004495a9","hash":"b11da9cbe6d481077059f043e0001a34f9cdd6e0"}
}
