TN:
SF:src\Applications\security\PasswordHash.js
FN:6,(anonymous_0)
FNF:1
FNH:1
FNDA:1,(anonymous_0)
DA:7,1
DA:11,4
LF:2
LH:2
BRF:0
BRH:0
end_of_record
TN:
SF:src\Applications\use_case\AddUserUseCase.js
FN:10,(anonymous_0)
FN:15,(anonymous_1)
FNF:2
FNH:2
FNDA:2,(anonymous_0)
FNDA:7,(anonymous_1)
DA:7,2
DA:11,2
DA:12,2
DA:16,7
DA:18,3
DA:19,2
DA:23,2
DA:27,2
LF:8
LH:8
BRF:0
BRH:0
end_of_record
TN:
SF:src\Commons\exceptions\AuthenticationError.js
FN:5,(anonymous_0)
FNF:1
FNH:1
FNDA:1,(anonymous_0)
DA:2,1
DA:6,1
DA:7,1
DA:11,1
LF:4
LH:4
BRF:0
BRH:0
end_of_record
TN:
SF:src\Commons\exceptions\ClientError.js
FN:3,(anonymous_0)
FNF:1
FNH:1
FNDA:18,(anonymous_0)
DA:4,18
DA:6,18
DA:7,1
DA:10,17
DA:11,17
DA:15,7
LF:6
LH:6
BRDA:3,0,0,16
BRDA:6,1,0,1
BRDA:6,1,1,17
BRF:3
BRH:3
end_of_record
TN:
SF:src\Commons\exceptions\DomainErrorTranslator.js
FN:9,(anonymous_0)
FNF:1
FNH:1
FNDA:12,(anonymous_0)
DA:6,2
DA:8,2
DA:10,12
DA:14,2
DA:29,2
LF:5
LH:5
BRDA:10,0,0,12
BRDA:10,0,1,4
BRF:2
BRH:2
end_of_record
TN:
SF:src\Commons\exceptions\InvariantError.js
FN:5,(anonymous_0)
FNF:1
FNH:1
FNDA:15,(anonymous_0)
DA:2,4
DA:6,15
DA:7,15
DA:11,4
LF:4
LH:4
BRF:0
BRH:0
end_of_record
TN:
SF:src\Commons\exceptions\NotFoundError.js
FN:5,(anonymous_0)
FNF:1
FNH:1
FNDA:1,(anonymous_0)
DA:2,1
DA:6,1
DA:7,1
DA:11,1
LF:4
LH:4
BRF:0
BRH:0
end_of_record
TN:
SF:src\Domains\users\UserRepository.js
FN:5,(anonymous_0)
FN:9,(anonymous_1)
FNF:2
FNH:2
FNDA:1,(anonymous_0)
FNDA:1,(anonymous_1)
DA:6,1
DA:10,1
DA:14,4
LF:3
LH:3
BRF:0
BRH:0
end_of_record
TN:
SF:src\Domains\users\entities\RegisterUser.js
FN:8,(anonymous_0)
FN:18,(anonymous_1)
FNF:2
FNH:2
FNDA:15,(anonymous_0)
FNDA:15,(anonymous_1)
DA:9,15
DA:11,7
DA:13,7
DA:14,7
DA:15,7
DA:19,15
DA:20,2
DA:23,13
DA:28,2
DA:31,11
DA:32,2
DA:35,9
DA:36,2
DA:41,4
LF:14
LH:14
BRDA:19,0,0,2
BRDA:19,0,1,13
BRDA:19,1,0,15
BRDA:19,1,1,14
BRDA:19,1,2,14
BRDA:23,2,0,2
BRDA:23,2,1,11
BRDA:24,3,0,13
BRDA:24,3,1,12
BRDA:24,3,2,12
BRDA:31,4,0,2
BRDA:31,4,1,9
BRDA:35,5,0,2
BRDA:35,5,1,7
BRF:14
BRH:14
end_of_record
TN:
SF:src\Domains\users\entities\RegisteredUser.js
FN:7,(anonymous_0)
FN:17,(anonymous_1)
FNF:2
FNH:2
FNDA:9,(anonymous_0)
FNDA:9,(anonymous_1)
DA:8,9
DA:10,7
DA:12,7
DA:13,7
DA:14,7
DA:18,9
DA:19,1
DA:22,8
DA:27,1
DA:32,4
LF:10
LH:10
BRDA:18,0,0,1
BRDA:18,0,1,8
BRDA:18,1,0,9
BRDA:18,1,1,8
BRDA:18,1,2,8
BRDA:22,2,0,1
BRDA:22,2,1,7
BRDA:23,3,0,8
BRDA:23,3,1,7
BRDA:23,3,2,7
BRF:10
BRH:10
end_of_record
TN:
SF:src\Infrastructures\http\createServer.js
FN:15,(anonymous_0)
FN:29,(anonymous_1)
FNF:2
FNH:2
FNDA:8,(anonymous_0)
FNDA:8,(anonymous_1)
DA:9,1
DA:10,1
DA:11,1
DA:13,1
DA:15,1
DA:16,8
DA:21,8
DA:29,8
DA:31,8
DA:32,8
DA:34,7
DA:36,7
DA:37,5
DA:41,5
DA:42,5
DA:47,2
DA:48,1
DA:52,1
DA:56,1
DA:57,1
DA:60,1
DA:63,8
DA:66,1
LF:23
LH:23
BRDA:32,0,0,7
BRDA:32,0,1,1
BRDA:36,1,0,5
BRDA:36,1,1,2
BRDA:47,2,0,1
BRDA:47,2,1,1
BRF:6
BRH:6
end_of_record
TN:
SF:src\Infrastructures\repository\UserRepositoryPostgres.js
FN:9,(anonymous_0)
FN:15,(anonymous_1)
FN:28,(anonymous_2)
FNF:3
FNH:3
FNDA:5,(anonymous_0)
FNDA:4,(anonymous_1)
FNDA:3,(anonymous_2)
DA:4,2
DA:5,2
DA:6,2
DA:10,5
DA:11,5
DA:12,5
DA:16,4
DA:21,4
DA:23,4
DA:24,2
DA:29,3
DA:30,3
DA:32,3
DA:37,3
DA:39,3
DA:43,2
LF:16
LH:16
BRDA:23,0,0,2
BRDA:23,0,1,2
BRF:2
BRH:2
end_of_record
TN:
SF:src\Infrastructures\security\BcryptPasswordHash.js
FN:7,(anonymous_0)
FN:13,(anonymous_1)
FNF:2
FNH:2
FNDA:2,(anonymous_0)
FNDA:2,(anonymous_1)
DA:4,2
DA:8,2
DA:9,2
DA:10,2
DA:14,2
DA:18,2
LF:6
LH:6
BRDA:7,0,0,2
BRF:1
BRH:1
end_of_record
TN:
SF:src\Interfaces\http\api\users\handler.js
FN:11,(anonymous_0)
FN:17,(anonymous_1)
FNF:2
FNH:2
FNDA:8,(anonymous_0)
FNDA:7,(anonymous_1)
DA:8,1
DA:12,8
DA:14,8
DA:18,7
DA:19,6
DA:20,1
DA:26,1
DA:27,1
DA:31,1
LF:9
LH:9
BRF:0
BRH:0
end_of_record
TN:
SF:src\Interfaces\http\api\users\index.js
FN:7,(anonymous_0)
FNF:1
FNH:1
FNDA:8,(anonymous_0)
DA:2,1
DA:3,1
DA:5,1
DA:8,8
DA:9,8
LF:5
LH:5
BRF:0
BRH:0
end_of_record
TN:
SF:src\Interfaces\http\api\users\routes.js
FN:2,(anonymous_0)
FNF:1
FNH:1
FNDA:8,(anonymous_0)
DA:2,8
DA:10,1
LF:2
LH:2
BRF:0
BRH:0
end_of_record
